Warning: Design 'accumulator' has '1' unresolved references. For more detailed information, use the "link" command. (UID-341)
 
****************************************
Report : qor
Design : accumulator
Version: T-2022.03-SP5
Date   : Wed May 17 03:05:17 2023
****************************************


  Timing Path Group (none)
  -----------------------------------
  Levels of Logic:               0.00
  Critical Path Length:         58.09
  Critical Path Slack:         uninit
  Critical Path Clk Period:       n/a
  Total Negative Slack:          0.00
  No. of Violating Paths:        0.00
  Worst Hold Violation:          0.00
  Total Hold Violation:          0.00
  No. of Hold Violations:        0.00
  -----------------------------------


  Cell Count
  -----------------------------------
  Hierarchical Cell Count:          1
  Hierarchical Port Count:         32
  Leaf Cell Count:                 56
  Buf/Inv Cell Count:              18
  Buf Cell Count:                   0
  Inv Cell Count:                  18
  CT Buf/Inv Cell Count:            0
  Combinational Cell Count:        45
  Sequential Cell Count:           11
  Macro Count:                      0
  -----------------------------------


  Area
  -----------------------------------
  Combinational Area:       62.285760
  Noncombinational Area:    66.718080
  Buf/Inv Area:             12.597120
  Total Buffer Area:             0.00
  Total Inverter Area:          12.60
  Macro/Black Box Area:      0.000000
  Net Area:                  0.000000
  -----------------------------------
  Cell Area:               129.003839
  Design Area:             129.003839


  Design Rules
  -----------------------------------
  Total Number of Nets:           108
  Nets With Violations:             0
  Max Trans Violations:             0
  Max Cap Violations:               0
  -----------------------------------


  Hostname: dagobah.ceid.upatras.gr

  Compile CPU Statistics
  -----------------------------------------
  Resource Sharing:                    0.06
  Logic Optimization:                  0.16
  Mapping Optimization:                0.09
  -----------------------------------------
  Overall Compile Time:                2.31
  Overall Compile Wall Clock Time:     2.77

  --------------------------------------------------------------------

  Design  WNS: 0.00  TNS: 0.00  Number of Violating Paths: 0


  Design (Hold)  WNS: 0.00  TNS: 0.00  Number of Violating Paths: 0

  --------------------------------------------------------------------


1
