Information: Updating design information... (UID-85)
 
****************************************
Report : timing
        -path full
        -delay max
        -max_paths 1
Design : accumulator
Version: T-2022.03-SP5
Date   : Wed May 17 15:17:09 2023
****************************************

Operating Conditions: PVT_0P7V_25C   Library: asap7
Wire Load Model Mode: top

  Startpoint: sum_reg_reg[0]
              (rising edge-triggered flip-flop clocked by clk)
  Endpoint: sum_reg_reg[9]
            (rising edge-triggered flip-flop clocked by clk)
  Path Group: clk
  Path Type: max

  Point                                                   Incr       Path
  --------------------------------------------------------------------------
  clock clk (rise edge)                                   0.00       0.00
  clock network delay (ideal)                             0.00       0.00
  sum_reg_reg[0]/CLK (ASYNC_DFFHx1_ASAP7_75t_R)           0.00       0.00 r
  sum_reg_reg[0]/QN (ASYNC_DFFHx1_ASAP7_75t_R)           50.18      50.18 f
  U93/Y (NOR2xp33_ASAP7_75t_R)                           39.04      89.22 r
  U173/Y (AOI21x1_ASAP7_75t_R)                           25.16     114.38 f
  U179/Y (OAI21x1_ASAP7_75t_R)                           27.51     141.89 r
  U182/Y (AOI31xp67_ASAP7_75t_R)                         22.29     164.18 f
  U183/Y (OAI21x1_ASAP7_75t_R)                           15.16     179.34 r
  U184/Y (NAND2x1_ASAP7_75t_R)                           12.02     191.36 f
  U185/Y (XNOR2xp5_ASAP7_75t_R)                          19.50     210.85 f
  U85/Y (NOR2xp33_ASAP7_75t_R)                           13.84     224.69 r
  sum_reg_reg[9]/D (ASYNC_DFFHx1_ASAP7_75t_R)             0.00     224.69 r
  data arrival time                                                224.69

  clock clk (rise edge)                                 244.00     244.00
  clock network delay (ideal)                             0.00     244.00
  sum_reg_reg[9]/CLK (ASYNC_DFFHx1_ASAP7_75t_R)           0.00     244.00 r
  library setup time                                    -19.01     224.99
  data required time                                               224.99
  --------------------------------------------------------------------------
  data required time                                               224.99
  data arrival time                                               -224.69
  --------------------------------------------------------------------------
  slack (MET)                                                        0.30


1
