****************************************
Report : Averaged Power
Design : rca
Version: T-2022.03-SP5
Date   : Tue Jul  4 13:42:36 2023
****************************************



  Attributes
  ----------
      i  -  Including register clock pin internal power
      u  -  User defined power group

                        Internal  Switching  Leakage    Total
Power Group             Power     Power      Power      Power   (     %)  Attrs
--------------------------------------------------------------------------------
clock_network              0.0000    0.0000    0.0000    0.0000 ( 0.00%)  i
register                   0.0000    0.0000    0.0000    0.0000 ( 0.00%)  
combinational           6.543e-09 4.966e-09 1.287e-09 1.280e-08 (100.00%) 
sequential                 0.0000    0.0000    0.0000    0.0000 ( 0.00%)  
memory                     0.0000    0.0000    0.0000    0.0000 ( 0.00%)  
io_pad                     0.0000    0.0000    0.0000    0.0000 ( 0.00%)  
black_box                  0.0000    0.0000    0.0000    0.0000 ( 0.00%)  

  Net Switching Power  = 4.966e-09   (38.81%)
  Cell Internal Power  = 6.543e-09   (51.13%)
  Cell Leakage Power   = 1.287e-09   (10.06%)
                         ---------
Total Power            = 1.280e-08  (100.00%)

1
