 
****************************************
Report : qor
Design : GCD_full
Version: T-2022.03-SP5
Date   : Wed May 17 15:14:39 2023
****************************************


  Timing Path Group 'clk'
  -----------------------------------
  Levels of Logic:              10.00
  Critical Path Length:        242.99
  Critical Path Slack:         -13.51
  Critical Path Clk Period:    244.00
  Total Negative Slack:       -489.70
  No. of Violating Paths:       60.00
  Worst Hold Violation:          0.00
  Total Hold Violation:          0.00
  No. of Hold Violations:        0.00
  -----------------------------------


  Cell Count
  -----------------------------------
  Hierarchical Cell Count:          0
  Hierarchical Port Count:          0
  Leaf Cell Count:               1106
  Buf/Inv Cell Count:             319
  Buf Cell Count:                  23
  Inv Cell Count:                 296
  CT Buf/Inv Cell Count:            0
  Combinational Cell Count:      1007
  Sequential Cell Count:           99
  Macro Count:                      0
  -----------------------------------


  Area
  -----------------------------------
  Combinational Area:     1141.205759
  Noncombinational Area:   600.462716
  Buf/Inv Area:            246.810242
  Total Buffer Area:            29.63
  Total Inverter Area:         217.18
  Macro/Black Box Area:      0.000000
  Net Area:                  0.000000
  -----------------------------------
  Cell Area:              1741.668476
  Design Area:            1741.668476


  Design Rules
  -----------------------------------
  Total Number of Nets:          1173
  Nets With Violations:             0
  Max Trans Violations:             0
  Max Cap Violations:               0
  -----------------------------------


  Hostname: dagobah.ceid.upatras.gr

  Compile CPU Statistics
  -----------------------------------------
  Resource Sharing:                    0.30
  Logic Optimization:                  2.46
  Mapping Optimization:               21.65
  -----------------------------------------
  Overall Compile Time:               32.45
  Overall Compile Wall Clock Time:    32.94

  --------------------------------------------------------------------

  Design  WNS: 13.51  TNS: 489.70  Number of Violating Paths: 60


  Design (Hold)  WNS: 0.00  TNS: 0.00  Number of Violating Paths: 0

  --------------------------------------------------------------------


1
