Information: Updating design information... (UID-85)
 
****************************************
Report : timing
        -path full
        -delay max
        -max_paths 1
Design : GCD_full
Version: T-2022.03-SP5
Date   : Wed May 17 15:12:57 2023
****************************************

Operating Conditions: PVT_0P7V_25C   Library: asap7
Wire Load Model Mode: top

  Startpoint: dp/x_reg_reg[1]
              (rising edge-triggered flip-flop clocked by clk)
  Endpoint: dp/y_reg_reg[21]
            (rising edge-triggered flip-flop clocked by clk)
  Path Group: clk
  Path Type: max

  Point                                                   Incr       Path
  --------------------------------------------------------------------------
  clock clk (rise edge)                                   0.00       0.00
  clock network delay (ideal)                             0.00       0.00
  dp/x_reg_reg[1]/CLK (ASYNC_DFFHx1_ASAP7_75t_R)          0.00       0.00 r
  dp/x_reg_reg[1]/QN (ASYNC_DFFHx1_ASAP7_75t_R)          52.21      52.21 r
  U453/Y (INVx1_ASAP7_75t_R)                             11.58      63.80 f
  U389/Y (AND2x2_ASAP7_75t_R)                            22.52      86.32 f
  U354/Y (OAI21x1_ASAP7_75t_R)                           13.52      99.83 r
  U532/Y (AOI21xp5_ASAP7_75t_R)                          17.71     117.55 f
  U406/Y (OAI21x1_ASAP7_75t_R)                           17.87     135.42 r
  U405/Y (AOI21xp5_ASAP7_75t_R)                          17.27     152.69 f
  U385/Y (BUFx6f_ASAP7_75t_R)                            24.69     177.38 f
  U640/Y (OAI21xp33_ASAP7_75t_R)                         21.20     198.57 r
  U712/Y (XOR2xp5_ASAP7_75t_R)                           25.29     223.87 r
  U1058/Y (AO21x1_ASAP7_75t_R)                           19.18     243.05 r
  dp/y_reg_reg[21]/D (ASYNC_DFFHx1_ASAP7_75t_R)           0.00     243.05 r
  data arrival time                                                243.05

  clock clk (rise edge)                                 250.00     250.00
  clock network delay (ideal)                             0.00     250.00
  dp/y_reg_reg[21]/CLK (ASYNC_DFFHx1_ASAP7_75t_R)         0.00     250.00 r
  library setup time                                    -16.73     233.27
  data required time                                               233.27
  --------------------------------------------------------------------------
  data required time                                               233.27
  data arrival time                                               -243.05
  --------------------------------------------------------------------------
  slack (VIOLATED)                                                  -9.78


1
