Information: Updating design information... (UID-85)
 
****************************************
Report : timing
        -path full
        -delay max
        -max_paths 1
Design : GCD_full
Version: T-2022.03-SP5
Date   : Wed May 17 15:14:39 2023
****************************************

Operating Conditions: PVT_0P7V_25C   Library: asap7
Wire Load Model Mode: top

  Startpoint: dp/x_reg_reg[14]
              (rising edge-triggered flip-flop clocked by clk)
  Endpoint: dp/x_reg_reg[30]
            (rising edge-triggered flip-flop clocked by clk)
  Path Group: clk
  Path Type: max

  Point                                                   Incr       Path
  --------------------------------------------------------------------------
  clock clk (rise edge)                                   0.00       0.00
  clock network delay (ideal)                             0.00       0.00
  dp/x_reg_reg[14]/CLK (ASYNC_DFFHx1_ASAP7_75t_R)         0.00       0.00 r
  dp/x_reg_reg[14]/QN (ASYNC_DFFHx1_ASAP7_75t_R)         62.51      62.51 r
  U448/Y (NOR2x1_ASAP7_75t_R)                            20.95      83.45 f
  U821/Y (INVx1_ASAP7_75t_R)                             13.74      97.19 r
  U326/Y (OAI21xp5_ASAP7_75t_R)                          11.12     108.32 f
  U669/Y (AOI21xp5_ASAP7_75t_R)                          20.18     128.49 r
  U534/Y (OAI21x1_ASAP7_75t_R)                           16.61     145.10 f
  U518/Y (AOI21x1_ASAP7_75t_R)                           15.59     160.70 r
  U555/Y (BUFx6f_ASAP7_75t_R)                            23.67     184.37 r
  U628/Y (OAI21xp5_ASAP7_75t_R)                          15.23     199.60 f
  U1062/Y (XNOR2xp5_ASAP7_75t_R)                         22.76     222.36 f
  U1065/Y (AO21x1_ASAP7_75t_R)                           20.63     242.99 f
  dp/x_reg_reg[30]/D (ASYNC_DFFHx1_ASAP7_75t_R)           0.00     242.99 f
  data arrival time                                                242.99

  clock clk (rise edge)                                 244.00     244.00
  clock network delay (ideal)                             0.00     244.00
  dp/x_reg_reg[30]/CLK (ASYNC_DFFHx1_ASAP7_75t_R)         0.00     244.00 r
  library setup time                                    -14.52     229.48
  data required time                                               229.48
  --------------------------------------------------------------------------
  data required time                                               229.48
  data arrival time                                               -242.99
  --------------------------------------------------------------------------
  slack (VIOLATED)                                                 -13.51


1
