 
****************************************
Report : area
Design : vmcoffee
Version: T-2022.03-SP5
Date   : Wed May 17 15:20:53 2023
****************************************

Library(s) Used:

    asap7 (File: /usr/local/eda/synLibs/asap7/7nm/db/asap7.db)

Number of ports:                           13
Number of nets:                            30
Number of cells:                           19
Number of combinational cells:             17
Number of sequential cells:                 2
Number of macros/black boxes:               0
Number of buf/inv:                          5
Number of references:                       9

Combinational area:                 18.429120
Buf/Inv area:                        3.499200
Noncombinational area:               9.331200
Macro/Black Box area:                0.000000
Net Interconnect area:      undefined  (No wire load specified)

Total cell area:                    27.760320
Total area:                 undefined

Hierarchical area distribution
------------------------------

                                  Global cell area          Local cell area
                                  ------------------  --------------------------- 
Hierarchical cell                 Absolute   Percent  Combi-    Noncombi-  Black-
                                  Total      Total    national  national   boxes   Design
--------------------------------  ---------  -------  --------  ---------  ------  ---------
vmcoffee                            27.7603    100.0   18.4291     9.3312  0.0000  vmcoffee
--------------------------------  ---------  -------  --------  ---------  ------  ---------
Total                                                  18.4291     9.3312  0.0000

1
