Information: Updating design information... (UID-85)
 
****************************************
Report : timing
        -path full
        -delay max
        -max_paths 1
Design : vmcoffee
Version: T-2022.03-SP5
Date   : Wed May 17 15:20:53 2023
****************************************

Operating Conditions: PVT_0P7V_25C   Library: asap7
Wire Load Model Mode: top

  Startpoint: WATER[0] (input port clocked by clk)
  Endpoint: state_reg[0]
            (rising edge-triggered flip-flop clocked by clk)
  Path Group: clk
  Path Type: max

  Point                                                   Incr       Path
  --------------------------------------------------------------------------
  clock clk (rise edge)                                   0.00       0.00
  clock network delay (ideal)                             0.00       0.00
  input external delay                                    0.00       0.00 f
  WATER[0] (in)                                           0.00       0.00 f
  U23/Y (OR3x1_ASAP7_75t_R)                              24.16      24.16 f
  U24/Y (OAI31xp33_ASAP7_75t_R)                          27.92      52.08 r
  U26/Y (NOR4xp25_ASAP7_75t_R)                           24.69      76.77 f
  U28/Y (O2A1O1Ixp33_ASAP7_75t_R)                        22.17      98.95 r
  U22/Y (AOI21xp33_ASAP7_75t_R)                          10.12     109.07 f
  U30/Y (NAND2xp33_ASAP7_75t_R)                          18.00     127.07 r
  state_reg[0]/D (DFFHQNx1_ASAP7_75t_R)                   0.00     127.07 r
  data arrival time                                                127.07

  clock clk (rise edge)                                 244.00     244.00
  clock network delay (ideal)                             0.00     244.00
  state_reg[0]/CLK (DFFHQNx1_ASAP7_75t_R)                 0.00     244.00 r
  library setup time                                    -15.14     228.86
  data required time                                               228.86
  --------------------------------------------------------------------------
  data required time                                               228.86
  data arrival time                                               -127.07
  --------------------------------------------------------------------------
  slack (MET)                                                      101.79


1
